<?xml version="1.0" encoding="UTF-8"?>
<!-- Generated by org.testng.reporters.JUnitReportReporter -->
<testsuite skipped="0" hostname="INWS03011-02" name="com.java.streams.prog.Filters" tests="4" failures="0" timestamp="2021-06-05T19:14:54 IST" time="0.018" errors="0">
  <testcase name="findEvenNumberAndRetrunList" time="0.002" classname="com.java.streams.prog.Filters"/>
  <testcase name="findEvenNumberAndPrint" time="0.014" classname="com.java.streams.prog.Filters"/>
  <testcase name="findWordsWhichAreNotNull" time="0.001" classname="com.java.streams.prog.Filters"/>
  <testcase name="findLongNamesRetrunList" time="0.001" classname="com.java.streams.prog.Filters"/>
</testsuite> <!-- com.java.streams.prog.Filters -->
