<?xml version="1.0" encoding="UTF-8"?>
<!-- Generated by org.testng.reporters.JUnitReportReporter -->
<testsuite skipped="0" hostname="INWS03011-02" name="com.java.streams.map.StreamsMap" tests="2" failures="0" timestamp="2021-06-05T19:51:39 IST" time="0.011" errors="0">
  <testcase name="convertVehicleToUpperCase" time="0.010" classname="com.java.streams.map.StreamsMap"/>
  <testcase name="findLengthOfEachVehicle" time="0.001" classname="com.java.streams.map.StreamsMap"/>
</testsuite> <!-- com.java.streams.map.StreamsMap -->
